<?xml version="1.0" encoding="UTF-8"?>
<testng-results ignored="0" total="1" passed="1" failed="0" skipped="0">
  <reporter-output>
  </reporter-output>
  <suite started-at="2024-02-21T19:01:14 GMT" name="Default suite" finished-at="2024-02-21T19:01:50 GMT" duration-ms="35861">
    <groups>
    </groups>
    <test started-at="2024-02-21T19:01:14 GMT" name="Default test" finished-at="2024-02-21T19:01:50 GMT" duration-ms="35861">
      <class name="com.excelr.automationexercise.Project2.TestScript_automationExcercise">
        <test-method is-config="true" signature="launchUrl()[pri:0, instance:com.excelr.automationexercise.Project2.TestScript_automationExcercise@1c7696c6]" started-at="2024-02-21T19:01:14 GMT" name="launchUrl" finished-at="2024-02-21T19:01:20 GMT" duration-ms="5723" status="PASS">
          <reporter-output>
          </reporter-output>
        </test-method> <!-- launchUrl -->
        <test-method signature="registerUser()[pri:1, instance:com.excelr.automationexercise.Project2.TestScript_automationExcercise@1c7696c6]" started-at="2024-02-21T19:01:20 GMT" name="registerUser" finished-at="2024-02-21T19:01:50 GMT" duration-ms="30070" status="PASS">
          <reporter-output>
          </reporter-output>
        </test-method> <!-- registerUser -->
      </class> <!-- com.excelr.automationexercise.Project2.TestScript_automationExcercise -->
    </test> <!-- Default test -->
  </suite> <!-- Default suite -->
</testng-results>
