<?xml version="1.0" encoding="UTF-8"?>
<!-- Generated by org.testng.reporters.JUnitXMLReporter -->
<testsuite ignored="25" hostname="LAPTOP-F2M9NULS" failures="0" tests="1" name="Default test" time="35.861" errors="0" timestamp="2024-02-21T19:01:50 GMT">
  <testcase classname="com.excelr.automationexercise.Project2.TestScript_automationExcercise" name="registerUser" time="30.07"/>
  <testcase classname="com.excelr.automationexercise.Project2.TestScript_automationExcercise" name="ContactUsForm" time="0.0">
    <ignored/>
  </testcase> <!-- ContactUsForm -->
  <testcase classname="com.excelr.automationexercise.Project2.TestScript_automationExcercise" name="SearchProduct" time="0.0">
    <ignored/>
  </testcase> <!-- SearchProduct -->
  <testcase classname="com.excelr.automationexercise.Project2.TestScript_automationExcercise" name="PlaceOrderRegisterBeforeCheckout" time="0.0">
    <ignored/>
  </testcase> <!-- PlaceOrderRegisterBeforeCheckout -->
  <testcase classname="com.excelr.automationexercise.Project2.TestScript_automationExcercise" name="loginUserwithincorrectemailandpassword" time="0.0">
    <ignored/>
  </testcase> <!-- loginUserwithincorrectemailandpassword -->
  <testcase classname="com.excelr.automationexercise.Project2.TestScript_automationExcercise" name="verifySubscriptionInCartPage" time="0.0">
    <ignored/>
  </testcase> <!-- verifySubscriptionInCartPage -->
  <testcase classname="com.excelr.automationexercise.Project2.TestScript_automationExcercise" name="ViewCategoryProducts" time="0.0">
    <ignored/>
  </testcase> <!-- ViewCategoryProducts -->
  <testcase classname="com.excelr.automationexercise.Project2.TestScript_automationExcercise" name="PlaceOrderLoginBeforeCheckout" time="0.0">
    <ignored/>
  </testcase> <!-- PlaceOrderLoginBeforeCheckout -->
  <testcase classname="com.excelr.automationexercise.Project2.TestScript_automationExcercise" name="PlaceOrderRegisterWhileCheckout" time="0.0">
    <ignored/>
  </testcase> <!-- PlaceOrderRegisterWhileCheckout -->
  <testcase classname="com.excelr.automationexercise.Project2.TestScript_automationExcercise" name="DownloadInvoiceAfterPurchaseOrder" time="0.0">
    <ignored/>
  </testcase> <!-- DownloadInvoiceAfterPurchaseOrder -->
  <testcase classname="com.excelr.automationexercise.Project2.TestScript_automationExcercise" name="AddToCarFromRecommendedItems" time="0.0">
    <ignored/>
  </testcase> <!-- AddToCarFromRecommendedItems -->
  <testcase classname="com.excelr.automationexercise.Project2.TestScript_automationExcercise" name="SearchProductsAndVerifyCartAfterLogin" time="0.0">
    <ignored/>
  </testcase> <!-- SearchProductsAndVerifyCartAfterLogin -->
  <testcase classname="com.excelr.automationexercise.Project2.TestScript_automationExcercise" name="RemoveProductsFromCart" time="0.0">
    <ignored/>
  </testcase> <!-- RemoveProductsFromCart -->
  <testcase classname="com.excelr.automationexercise.Project2.TestScript_automationExcercise" name="verifySubscriptionInHomePage" time="0.0">
    <ignored/>
  </testcase> <!-- verifySubscriptionInHomePage -->
  <testcase classname="com.excelr.automationexercise.Project2.TestScript_automationExcercise" name="verifyProductQuantityInCart" time="0.0">
    <ignored/>
  </testcase> <!-- verifyProductQuantityInCart -->
  <testcase classname="com.excelr.automationexercise.Project2.TestScript_automationExcercise" name="verifyAllProductsAndProductDetailPage" time="0.0">
    <ignored/>
  </testcase> <!-- verifyAllProductsAndProductDetailPage -->
  <testcase classname="com.excelr.automationexercise.Project2.TestScript_automationExcercise" name="logoutUser" time="0.0">
    <ignored/>
  </testcase> <!-- logoutUser -->
  <testcase classname="com.excelr.automationexercise.Project2.TestScript_automationExcercise" name="verifyTestCasesPage" time="0.0">
    <ignored/>
  </testcase> <!-- verifyTestCasesPage -->
  <testcase classname="com.excelr.automationexercise.Project2.TestScript_automationExcercise" name="VerifyAddressDetailsIncheckoutPage" time="0.0">
    <ignored/>
  </testcase> <!-- VerifyAddressDetailsIncheckoutPage -->
  <testcase classname="com.excelr.automationexercise.Project2.TestScript_automationExcercise" name="VerifyScrollUpUsingArrowButtonAndScrollDownFunctionality" time="0.0">
    <ignored/>
  </testcase> <!-- VerifyScrollUpUsingArrowButtonAndScrollDownFunctionality -->
  <testcase classname="com.excelr.automationexercise.Project2.TestScript_automationExcercise" name="ViewnCaertBrandProdducts" time="0.0">
    <ignored/>
  </testcase> <!-- ViewnCaertBrandProdducts -->
  <testcase classname="com.excelr.automationexercise.Project2.TestScript_automationExcercise" name="validateSignupLoginbt" time="0.0">
    <ignored/>
  </testcase> <!-- validateSignupLoginbt -->
  <testcase classname="com.excelr.automationexercise.Project2.TestScript_automationExcercise" name="AddProductInCart" time="0.0">
    <ignored/>
  </testcase> <!-- AddProductInCart -->
  <testcase classname="com.excelr.automationexercise.Project2.TestScript_automationExcercise" name="VerifyScrollUpwithoutArrowButtonAndScrollDownFunctionality" time="0.0">
    <ignored/>
  </testcase> <!-- VerifyScrollUpwithoutArrowButtonAndScrollDownFunctionality -->
  <testcase classname="com.excelr.automationexercise.Project2.TestScript_automationExcercise" name="registerUserwithExistingEmail" time="0.0">
    <ignored/>
  </testcase> <!-- registerUserwithExistingEmail -->
  <testcase classname="com.excelr.automationexercise.Project2.TestScript_automationExcercise" name="AddReviewOnProduct" time="0.0">
    <ignored/>
  </testcase> <!-- AddReviewOnProduct -->
</testsuite> <!-- Default test -->
